<?xml version="1.0" encoding="UTF-8"?>
<!-- Generated by org.testng.reporters.JUnitXMLReporter -->
<testsuite ignored="0" hostname="LAPTOP-7VN3JM0R" failures="2" tests="2" name="Default test" time="9.866" errors="0" timestamp="2024-05-08T16:08:24 IST">
  <testcase classname="io.cucumber.testng.AbstractTestNGCucumberTests" name="runScenario" time="8.772">
    <failure type="java.lang.AssertionError" message="null">
      <![CDATA[java.lang.AssertionError: null
at org.testng.Assert.fail(Assert.java:111)
at org.testng.Assert.fail(Assert.java:116)
at stepDefinitions.AddPlaceStepDefinitions.user_calls_with_http_request(AddPlaceStepDefinitions.java:89)
at stepDefinitions.AddPlaceStepDefinitions.verify_place_id_created_maps_to_using(AddPlaceStepDefinitions.java:152)
at ✽.verify place_Id created maps to "Habanhouse" using "getPlaceAPI"(file:///D:/AutomationCode/RESTAPICucumberFramework/src/test/java/Features/AddPlace.feature:10)
]]>
    </failure>
  </testcase> <!-- runScenario -->
  <testcase classname="io.cucumber.testng.AbstractTestNGCucumberTests" name="runScenario" time="0.513">
    <failure type="java.lang.AssertionError" message="null">
      <![CDATA[java.lang.AssertionError: null
at org.testng.Assert.fail(Assert.java:111)
at org.testng.Assert.fail(Assert.java:116)
at stepDefinitions.AddPlaceStepDefinitions.user_calls_with_http_request(AddPlaceStepDefinitions.java:89)
at stepDefinitions.AddPlaceStepDefinitions.verify_place_id_created_maps_to_using(AddPlaceStepDefinitions.java:152)
at ✽.verify place_Id created maps to "Dhanaji" using "getPlaceAPI"(file:///D:/AutomationCode/RESTAPICucumberFramework/src/test/java/Features/AddPlacePune.feature:10)
]]>
    </failure>
  </testcase> <!-- runScenario -->
</testsuite> <!-- Default test -->
