<?xml version="1.0" encoding="UTF-8"?>
<testng-results ignored="0" total="2" passed="0" failed="2" skipped="0">
  <reporter-output>
  </reporter-output>
  <suite started-at="2024-05-08T16:08:14 IST" name="Default suite" finished-at="2024-05-08T16:08:24 IST" duration-ms="9866">
    <groups>
      <group name="cucumber">
        <method signature="AbstractTestNGCucumberTests.runScenario(io.cucumber.testng.PickleWrapper,io.cucumber.testng.FeatureWrapper)[pri:0, instance:CucumberTestRunner.TestRunner@68c9133c]" name="runScenario" class="io.cucumber.testng.AbstractTestNGCucumberTests"/>
      </group> <!-- cucumber -->
    </groups>
    <test started-at="2024-05-08T16:08:14 IST" name="Default test" finished-at="2024-05-08T16:08:24 IST" duration-ms="9866">
      <class name="CucumberTestRunner.TestRunner">
        <test-method is-config="true" signature="setUpClass(org.testng.ITestContext)[pri:0, instance:CucumberTestRunner.TestRunner@68c9133c]" started-at="2024-05-08T16:08:14 IST" name="setUpClass" finished-at="2024-05-08T16:08:15 IST" duration-ms="470" status="PASS">
          <params>
            <param index="0">
              <value>
                <![CDATA[org.testng.TestRunner@3e55eeb9]]>
              </value>
            </param>
          </params>
          <reporter-output>
          </reporter-output>
        </test-method> <!-- setUpClass -->
        <test-method signature="runScenario(io.cucumber.testng.PickleWrapper,io.cucumber.testng.FeatureWrapper)[pri:0, instance:CucumberTestRunner.TestRunner@68c9133c]" started-at="2024-05-08T16:08:15 IST" name="runScenario" description="Runs Cucumber Scenarios" data-provider="scenarios" finished-at="2024-05-08T16:08:24 IST" duration-ms="8772" status="FAIL">
          <params>
            <param index="0">
              <value>
                <![CDATA["Verify if Place is being Succesfully added using AddPlaceAPI"]]>
              </value>
            </param>
            <param index="1">
              <value>
                <![CDATA["Verify Add place API"]]>
              </value>
            </param>
          </params>
          <exception class="java.lang.AssertionError">
            <message>
              <![CDATA[null]]>
            </message>
            <full-stacktrace>
              <![CDATA[java.lang.AssertionError: null
at org.testng.Assert.fail(Assert.java:111)
at org.testng.Assert.fail(Assert.java:116)
at stepDefinitions.AddPlaceStepDefinitions.user_calls_with_http_request(AddPlaceStepDefinitions.java:89)
at stepDefinitions.AddPlaceStepDefinitions.verify_place_id_created_maps_to_using(AddPlaceStepDefinitions.java:152)
at ✽.verify place_Id created maps to "Habanhouse" using "getPlaceAPI"(file:///D:/AutomationCode/RESTAPICucumberFramework/src/test/java/Features/AddPlace.feature:10)
]]>
            </full-stacktrace>
          </exception> <!-- java.lang.AssertionError -->
          <reporter-output>
          </reporter-output>
        </test-method> <!-- runScenario -->
        <test-method signature="runScenario(io.cucumber.testng.PickleWrapper,io.cucumber.testng.FeatureWrapper)[pri:0, instance:CucumberTestRunner.TestRunner@68c9133c]" started-at="2024-05-08T16:08:24 IST" name="runScenario" description="Runs Cucumber Scenarios" data-provider="scenarios" finished-at="2024-05-08T16:08:24 IST" duration-ms="513" status="FAIL">
          <params>
            <param index="0">
              <value>
                <![CDATA["Verify if Place is being Succesfully added using AddPlaceAPI"]]>
              </value>
            </param>
            <param index="1">
              <value>
                <![CDATA["Verify Add place API"]]>
              </value>
            </param>
          </params>
          <exception class="java.lang.AssertionError">
            <message>
              <![CDATA[null]]>
            </message>
            <full-stacktrace>
              <![CDATA[java.lang.AssertionError: null
at org.testng.Assert.fail(Assert.java:111)
at org.testng.Assert.fail(Assert.java:116)
at stepDefinitions.AddPlaceStepDefinitions.user_calls_with_http_request(AddPlaceStepDefinitions.java:89)
at stepDefinitions.AddPlaceStepDefinitions.verify_place_id_created_maps_to_using(AddPlaceStepDefinitions.java:152)
at ✽.verify place_Id created maps to "Dhanaji" using "getPlaceAPI"(file:///D:/AutomationCode/RESTAPICucumberFramework/src/test/java/Features/AddPlacePune.feature:10)
]]>
            </full-stacktrace>
          </exception> <!-- java.lang.AssertionError -->
          <reporter-output>
          </reporter-output>
        </test-method> <!-- runScenario -->
        <test-method is-config="true" signature="tearDownClass()[pri:0, instance:CucumberTestRunner.TestRunner@68c9133c]" started-at="2024-05-08T16:08:24 IST" name="tearDownClass" finished-at="2024-05-08T16:08:24 IST" duration-ms="5" status="PASS">
          <reporter-output>
          </reporter-output>
        </test-method> <!-- tearDownClass -->
      </class> <!-- CucumberTestRunner.TestRunner -->
    </test> <!-- Default test -->
  </suite> <!-- Default suite -->
</testng-results>
